<?xml version="1.0" encoding="UTF-8"?>
<testng-results skipped="0" failed="0" total="1" passed="1">
  <reporter-output>
  </reporter-output>
  <suite name="Default suite" duration-ms="15496" started-at="2020-01-07T11:15:57Z" finished-at="2020-01-07T11:16:13Z">
    <groups>
    </groups>
    <test name="Default test" duration-ms="15496" started-at="2020-01-07T11:15:57Z" finished-at="2020-01-07T11:16:13Z">
      <class name="com.pz.ecshopTest.kaoshi">
        <test-method status="PASS" signature="BeforeMethod()[pri:0, instance:com.pz.ecshopTest.kaoshi@77f03bb1]" name="BeforeMethod" is-config="true" duration-ms="5338" started-at="2020-01-07T19:15:57Z" finished-at="2020-01-07T19:16:02Z">
          <reporter-output>
          </reporter-output>
        </test-method> <!-- BeforeMethod -->
        <test-method status="PASS" signature="login()[pri:0, instance:com.pz.ecshopTest.kaoshi@77f03bb1]" name="login" duration-ms="10148" started-at="2020-01-07T19:16:02Z" finished-at="2020-01-07T19:16:13Z">
          <reporter-output>
          </reporter-output>
        </test-method> <!-- login -->
      </class> <!-- com.pz.ecshopTest.kaoshi -->
    </test> <!-- Default test -->
  </suite> <!-- Default suite -->
</testng-results>
